0 info it worked if it ends with ok
1 verbose cli [
1 verbose cli   'C:\\Program Files\\nodejs\\node.exe',
1 verbose cli   'C:\\Program Files\\nodejs\\node_modules\\npm\\bin\\npm-cli.js',
1 verbose cli   'run',
1 verbose cli   'build'
1 verbose cli ]
2 info using npm@6.14.4
3 info using node@v12.17.0
4 verbose run-script [ 'prebuild', 'build', 'postbuild' ]
5 info lifecycle my-app@0.1.0~prebuild: my-app@0.1.0
6 info lifecycle my-app@0.1.0~build: my-app@0.1.0
7 verbose lifecycle my-app@0.1.0~build: unsafe-perm in lifecycle true
8 verbose lifecycle my-app@0.1.0~build: PATH: C:\Program Files\nodejs\node_modules\npm\node_modules\npm-lifecycle\node-gyp-bin;C:\Users\Peek\OneDrive\Documents\tvc_project-master\tvc\node_modules\.bin;C:\Program Files (x86)\Common Files\Oracle\Java\javapath;C:\Program Files\AdoptOpenJDK\jdk-11.0.8.10-hotspot\bin;C:\WINDOWS\system32;C:\WINDOWS;C:\WINDOWS\System32\Wbem;C:\WINDOWS\System32\WindowsPowerShell\v1.0\;C:\WINDOWS\System32\OpenSSH\;C:\Program Files (x86)\NVIDIA Corporation\PhysX\Common;C:\Program Files\nodejs\;C:\Program Files\dotnet\;C:\Program Files (x86)\Windows Kits\8.1\Windows Performance Toolkit\;C:\Program Files\Microsoft SQL Server\110\Tools\Binn\;C:\Program Files\PuTTY\;C:\Program Files\Git\cmd;C:\Program Files (x86)\apache-maven-3.6.3\bin;C:\Program Files\MySQL\MySQL Shell 8.0\bin\;C:\Users\Peek\AppData\Local\Programs\Python\Python38-32\Scripts\;C:\Users\Peek\AppData\Local\Programs\Python\Python38-32\;C:\Users\Peek\AppData\Local\Microsoft\WindowsApps;C:\Users\Peek\AppData\Roaming\npm;C:\Users\Peek\AppData\Local\Programs\Microsoft VS Code\bin;C:\Users\Peek\AppData\Local\GitHubDesktop\bin
9 verbose lifecycle my-app@0.1.0~build: CWD: C:\Users\Peek\OneDrive\Documents\tvc_project-master\tvc
10 silly lifecycle my-app@0.1.0~build: Args: [ '/d /s /c', 'react-scripts build' ]
11 silly lifecycle my-app@0.1.0~build: Returned: code: 1  signal: null
12 info lifecycle my-app@0.1.0~build: Failed to exec build script
13 verbose stack Error: my-app@0.1.0 build: `react-scripts build`
13 verbose stack Exit status 1
13 verbose stack     at EventEmitter.<anonymous> (C:\Program Files\nodejs\node_modules\npm\node_modules\npm-lifecycle\index.js:332:16)
13 verbose stack     at EventEmitter.emit (events.js:315:20)
13 verbose stack     at ChildProcess.<anonymous> (C:\Program Files\nodejs\node_modules\npm\node_modules\npm-lifecycle\lib\spawn.js:55:14)
13 verbose stack     at ChildProcess.emit (events.js:315:20)
13 verbose stack     at maybeClose (internal/child_process.js:1021:16)
13 verbose stack     at Process.ChildProcess._handle.onexit (internal/child_process.js:286:5)
14 verbose pkgid my-app@0.1.0
15 verbose cwd C:\Users\Peek\OneDrive\Documents\tvc_project-master\tvc
16 verbose Windows_NT 10.0.18362
17 verbose argv "C:\\Program Files\\nodejs\\node.exe" "C:\\Program Files\\nodejs\\node_modules\\npm\\bin\\npm-cli.js" "run" "build"
18 verbose node v12.17.0
19 verbose npm  v6.14.4
20 error code ELIFECYCLE
21 error errno 1
22 error my-app@0.1.0 build: `react-scripts build`
22 error Exit status 1
23 error Failed at the my-app@0.1.0 build script.
23 error This is probably not a problem with npm. There is likely additional logging output above.
24 verbose exit [ 1, true ]
